[2025-11-21T00:38:59.541862] Loading model Qwen/Qwen2.5-7B-Instruct
[WARN] GPU/4bit load failed, falling back to CPU or non-quantized. Error: name 'torch' is not defined
Loading checkpoint shards:   0%|          | 0/4 [00:00<?, ?it/s]Loading checkpoint shards:  25%|██▌       | 1/4 [00:00<00:02,  1.33it/s]Loading checkpoint shards:  50%|█████     | 2/4 [00:01<00:01,  1.32it/s]Loading checkpoint shards:  75%|███████▌  | 3/4 [00:02<00:00,  1.31it/s]Loading checkpoint shards: 100%|██████████| 4/4 [00:02<00:00,  1.38it/s]Loading checkpoint shards: 100%|██████████| 4/4 [00:02<00:00,  1.36it/s]
[ERROR] Failed to load model/tokenizer: The model has been loaded with `accelerate` and therefore cannot be moved to a specific device. Please discard the `device` argument when creating your pipeline object.
Traceback (most recent call last):
  File "/work/ah702/YouTubeOlympics/scripts/label_with_llm.py", line 59, in <module>
    args.model, trust_remote_code=True, device_map="auto",  torch_dtype=torch.float16,  low_cpu_mem_usage=True
NameError: name 'torch' is not defined

During handling of the above exception, another exception occurred:

Traceback (most recent call last):
  File "/work/ah702/YouTubeOlympics/scripts/label_with_llm.py", line 68, in <module>
    pipe = TextGenerationPipeline(model=model, tokenizer=tokenizer, device=-1)
  File "/work/ah702/venvs/youtube_env/lib64/python3.9/site-packages/transformers/pipelines/text_generation.py", line 121, in __init__
    super().__init__(*args, **kwargs)
  File "/work/ah702/venvs/youtube_env/lib64/python3.9/site-packages/transformers/pipelines/base.py", line 981, in __init__
    raise ValueError(
ValueError: The model has been loaded with `accelerate` and therefore cannot be moved to a specific device. Please discard the `device` argument when creating your pipeline object.
